<?xml version="1.0" encoding="UTF-8"?>
<!-- Generated by org.testng.reporters.JUnitReportReporter -->
<testsuite skipped="0" hostname="DESKTOP-UUTUU8G" name="Practice_Section.ClientsPage" tests="1" failures="0" timestamp="06 Sep 2019 10:27:46 GMT" time="5.382" errors="0">
  <testcase name="pageTitleVerify" time="5.382" classname="Practice_Section.ClientsPage"/>
</testsuite> <!-- Practice_Section.ClientsPage -->
