<?xml version="1.0" encoding="UTF-8"?>
<!-- Generated by org.testng.reporters.JUnitReportReporter -->
<testsuite skipped="0" hostname="DESKTOP-UUTUU8G" name="Practice_Section.OurServices" tests="1" failures="0" timestamp="04 Sep 2019 10:54:13 GMT" time="22.312" errors="0">
  <testcase name="initialize" time="22.312" classname="Practice_Section.OurServices"/>
</testsuite> <!-- Practice_Section.OurServices -->
