<?xml version="1.0" encoding="UTF-8"?>
<!-- Generated by org.testng.reporters.JUnitReportReporter -->
<testsuite skipped="0" hostname="DESKTOP-UUTUU8G" name="Practice_Section.HowItWorksPage" tests="1" failures="0" timestamp="05 Sep 2019 10:14:16 GMT" time="5.379" errors="0">
  <testcase name="pageTitleVerify" time="5.379" classname="Practice_Section.HowItWorksPage"/>
</testsuite> <!-- Practice_Section.HowItWorksPage -->
