<?xml version="1.0" encoding="UTF-8"?>
<!-- Generated by org.testng.reporters.JUnitReportReporter -->
<testsuite skipped="0" hostname="DESKTOP-UUTUU8G" name="Practice_Section.Pricing_Page" tests="1" failures="0" timestamp="05 Sep 2019 09:17:06 GMT" time="3.321" errors="0">
  <testcase name="initialize" time="3.321" classname="Practice_Section.Pricing_Page"/>
</testsuite> <!-- Practice_Section.Pricing_Page -->
