<?xml version="1.0" encoding="UTF-8"?>
<!-- Generated by org.testng.reporters.JUnitReportReporter -->
<testsuite skipped="0" hostname="DESKTOP-UUTUU8G" name="Practice_Section.Development_TeamPage" tests="1" failures="0" timestamp="05 Sep 2019 09:17:06 GMT" time="4.637" errors="0">
  <testcase name="init" time="4.637" classname="Practice_Section.Development_TeamPage"/>
</testsuite> <!-- Practice_Section.Development_TeamPage -->
