<?xml version="1.0" encoding="UTF-8"?>
<!-- Generated by org.testng.reporters.JUnitReportReporter -->
<testsuite skipped="0" hostname="DESKTOP-UUTUU8G" name="Practice_Section.HomePage" tests="1" failures="0" timestamp="06 Sep 2019 10:27:46 GMT" time="2.052" errors="0">
  <testcase name="pageTitleVerify" time="2.052" classname="Practice_Section.HomePage"/>
</testsuite> <!-- Practice_Section.HomePage -->
