<?xml version="1.0" encoding="UTF-8"?>
<!-- Generated by org.testng.reporters.JUnitReportReporter -->
<testsuite skipped="0" hostname="DESKTOP-UUTUU8G" name="Practice_Section.MobileA_DevPage" tests="1" failures="0" timestamp="05 Sep 2019 09:17:06 GMT" time="4.236" errors="0">
  <testcase name="Verify" time="4.236" classname="Practice_Section.MobileA_DevPage"/>
</testsuite> <!-- Practice_Section.MobileA_DevPage -->
