<?xml version="1.0" encoding="UTF-8"?>
<!-- Generated by org.testng.reporters.JUnitReportReporter -->
<testsuite skipped="0" hostname="DESKTOP-UUTUU8G" name="Practice_Section.Software_ModernizationPage" tests="1" failures="0" timestamp="05 Sep 2019 09:17:06 GMT" time="2.989" errors="0">
  <testcase name="Verify" time="2.989" classname="Practice_Section.Software_ModernizationPage"/>
</testsuite> <!-- Practice_Section.Software_ModernizationPage -->
