<?xml version="1.0" encoding="UTF-8"?>
<!-- Generated by org.testng.reporters.JUnitReportReporter -->
<testsuite skipped="0" hostname="DESKTOP-UUTUU8G" name="Practice_Section.WebCloud_AppPage" tests="1" failures="0" timestamp="05 Sep 2019 09:17:06 GMT" time="5.733" errors="0">
  <testcase name="Verify" time="5.733" classname="Practice_Section.WebCloud_AppPage"/>
</testsuite> <!-- Practice_Section.WebCloud_AppPage -->
