<?xml version="1.0" encoding="UTF-8"?>
<!-- Generated by org.testng.reporters.JUnitReportReporter -->
<testsuite skipped="0" hostname="DESKTOP-UUTUU8G" name="Practice_Section.Contact_UsPAge" tests="1" failures="0" timestamp="04 Sep 2019 10:54:14 GMT" time="21.843" errors="0">
  <testcase name="initialize" time="21.843" classname="Practice_Section.Contact_UsPAge"/>
</testsuite> <!-- Practice_Section.Contact_UsPAge -->
