<?xml version="1.0" encoding="UTF-8"?>
<!-- Generated by org.testng.reporters.JUnitReportReporter -->
<testsuite skipped="0" hostname="DESKTOP-UUTUU8G" name="Practice_Section.MobileA_DevPage" tests="1" failures="0" timestamp="04 Sep 2019 10:54:13 GMT" time="50.507" errors="0">
  <testcase name="initialize" time="50.507" classname="Practice_Section.MobileA_DevPage"/>
</testsuite> <!-- Practice_Section.MobileA_DevPage -->
