<?xml version="1.0" encoding="UTF-8"?>
<!-- Generated by org.testng.reporters.JUnitReportReporter -->
<testsuite skipped="0" hostname="DESKTOP-UUTUU8G" name="Practice_Section.Software_DevPAge" tests="1" failures="0" timestamp="04 Sep 2019 11:29:01 GMT" time="23.978" errors="0">
  <testcase name="initialize" time="23.978" classname="Practice_Section.Software_DevPAge"/>
</testsuite> <!-- Practice_Section.Software_DevPAge -->
