<?xml version="1.0" encoding="UTF-8"?>
<!-- Generated by org.testng.reporters.JUnitReportReporter -->
<testsuite skipped="0" hostname="DESKTOP-UUTUU8G" name="Practice_Section.PricingPage" tests="1" failures="0" timestamp="06 Sep 2019 10:35:13 GMT" time="4.260" errors="0">
  <testcase name="pageTitleVerify" time="4.260" classname="Practice_Section.PricingPage"/>
</testsuite> <!-- Practice_Section.PricingPage -->
