<?xml version="1.0" encoding="UTF-8"?>
<!-- Generated by org.testng.reporters.JUnitReportReporter -->
<testsuite skipped="0" hostname="DESKTOP-UUTUU8G" name="Practice_Section.DevelopementTeamPage" tests="1" failures="0" timestamp="06 Sep 2019 10:35:13 GMT" time="3.950" errors="0">
  <testcase name="pageTitleVerify" time="3.950" classname="Practice_Section.DevelopementTeamPage"/>
</testsuite> <!-- Practice_Section.DevelopementTeamPage -->
