<?xml version="1.0" encoding="UTF-8"?>
<!-- Generated by org.testng.reporters.JUnitReportReporter -->
<testsuite skipped="0" hostname="DESKTOP-UUTUU8G" name="Practice_Section.FAQPage" tests="1" failures="0" timestamp="04 Sep 2019 11:37:30 GMT" time="81.626" errors="0">
  <testcase name="initialize" time="81.626" classname="Practice_Section.FAQPage"/>
</testsuite> <!-- Practice_Section.FAQPage -->
