<?xml version="1.0" encoding="UTF-8"?>
<!-- Generated by org.testng.reporters.JUnitReportReporter -->
<testsuite skipped="0" hostname="DESKTOP-UUTUU8G" name="Practice_Section.Al_MLPage" tests="1" failures="0" timestamp="04 Sep 2019 11:37:30 GMT" time="21.986" errors="0">
  <testcase name="initialize" time="21.986" classname="Practice_Section.Al_MLPage"/>
</testsuite> <!-- Practice_Section.Al_MLPage -->
