<?xml version="1.0" encoding="UTF-8"?>
<!-- Generated by org.testng.reporters.JUnitReportReporter -->
<testsuite skipped="0" hostname="DESKTOP-UUTUU8G" name="Practice_Section.Testimonials_Page" tests="1" failures="0" timestamp="04 Sep 2019 11:37:30 GMT" time="50.741" errors="0">
  <testcase name="initialize" time="50.741" classname="Practice_Section.Testimonials_Page"/>
</testsuite> <!-- Practice_Section.Testimonials_Page -->
